        -:    0:Source:Multplywoop.cpp
        -:    0:Graph:Multplywoop.gcno
        -:    0:Data:-
        -:    0:Runs:0
        -:    0:Programs:0
        -:    0:Source is newer than graph
        -:    1:#include<iostream>
        -:    2:using namespace std;
        -:    3:class GFG
        -:    4:{
        -:    5:      int result =0;
        -:    6:/* function to multiply two numbers x and y*/
    #####:    7:public : int multiply(int x, int y)
        -:    8:{
        -:    9:  
        -:   10:    //  multiplied with anything gives 
    #####:   11:    if(y == 0)
    #####:   12:    return 0;
        -:   13: 
        -:   14:    // Add x one by one //
    #####:   15:    if(y > 0 ){
    #####:   16:    result=multiply(x, y-1);
    #####:   17:     cout <<result<< endl;
    #####:   18:    return (x + result);
        -:   19:    }
        -:   20:   
        -:   21:  
        -:   22:
        -:   23:    //the case where y is negative //
    #####:   24:    if(y < 0 ){
    #####:   25:       result =multiply(x, -y);
    #####:   26:       cout << endl <<result;
        -:   27:    }
    #####:   28:    return result;
        -:   29:}
        -:   30:};
        -:   31: 
        -:   32:// Driver code
    #####:   33:int main()
        -:   34:{
    #####:   35:    GFG g;
        -:   36:  //  g.multiply(5, 5);
    #####:   37:       int resultFinal =0;
    #####:   38:   resultFinal= g.multiply(3, 2);
    #####:   39:    cout << endl <<resultFinal;
        -:   40:    //getchar();
    #####:   41:    return 0;
    #####:   42:}
