        -:    0:Source:test1.c
        -:    0:Graph:test1.gcno
        -:    0:Data:test1.gcda
        -:    0:Runs:4
        -:    0:Programs:1
        -:    1:
        -:    2:#include <stdio.h>
        -:    3:
        4:    4:int main()
        -:    5:{
        -:    6:    int num;
        -:    7:
        -:    8:    /* Input number from user */
        4:    9:    printf("Enter any number to check even or odd: ");
        4:   10:    scanf("%d", &num);
        -:   11:    
        -:   12:    /* Check if the number is divisible by 2 then it is even */
        4:   13:    if(num % 2 == 0)
        -:   14:    
        -:   15:        /* num % 2 is 0 */
        4:   16:        printf("Number is Even.");
        -:   17:    
        -:   18:    else
        -:   19:    
        -:   20:        /* num % 2 is 1 */
    #####:   21:        printf("Number is Odd.");
        -:   22:    
        -:   23:
        4:   24:    return 0;
        -:   25:}
